2026-03-08 16:23:28,079 - INFO - 
Processing: IVVPESO.MX_historical_10y_20260307.csv
2026-03-08 16:23:28,144 - INFO - Total records: 2504
2026-03-08 16:23:28,146 - INFO - Date range: 2016-03-07 00:00:00-05:00 to 2026-03-06 00:00:00-05:00
2026-03-08 16:23:28,146 - INFO - Close price range: $28.14 - $142.35
2026-03-08 16:23:28,148 - INFO - 
Train set: 2139 records (2016-03-07 00:00:00-05:00 to 2024-09-18 00:00:00-04:00)
2026-03-08 16:23:28,148 - INFO - Validation set: 365 records (2024-09-19 00:00:00-04:00 to 2026-03-06 00:00:00-05:00)
2026-03-08 16:23:28,152 - INFO - 
Sequence shapes:
2026-03-08 16:23:28,153 - INFO -   X_train: (2079, 60, 1), y_train: (2079, 1)
2026-03-08 16:23:28,153 - INFO -   X_val: (305, 60, 1), y_val: (305, 1)
2026-03-08 16:23:28,153 - INFO - 
Building LSTM model...
2026-03-08 16:23:28,260 - INFO - None
2026-03-08 16:23:28,260 - INFO - 
Training model (70 epochs)...
2026-03-08 16:25:54,261 - INFO - 
Making predictions...
2026-03-08 16:25:55,528 - INFO - 
======================================================================
2026-03-08 16:25:55,529 - INFO - TRAINING RESULTS - IVVPESO.MX_historical_10y_20260307.csv
2026-03-08 16:25:55,529 - INFO - ======================================================================
2026-03-08 16:25:55,529 - INFO - Training RMSE: $1.17
2026-03-08 16:25:55,529 - INFO - Training MAE: $0.83
2026-03-08 16:25:55,529 - INFO - Validation RMSE: $2.69
2026-03-08 16:25:55,529 - INFO - Validation MAE: $2.20
2026-03-08 16:25:55,558 - INFO - 
Model saved to: data\models\IVVPESO.MX_historical_10y_20260307_lstm_model.h5
2026-03-08 16:25:55,566 - INFO - 
Generating plots...
2026-03-08 16:25:56,316 - INFO - 
Completed IVVPESO.MX_historical_10y_20260307.csv!
