2026-03-08 16:25:56,317 - INFO - 
Processing: OXY_historical_10y_20260308.csv
2026-03-08 16:25:56,376 - INFO - Total records: 2515
2026-03-08 16:25:56,376 - INFO - Date range: 2016-03-07 00:00:00-05:00 to 2026-03-06 00:00:00-05:00
2026-03-08 16:25:56,377 - INFO - Close price range: $8.36 - $72.14
2026-03-08 16:25:56,379 - INFO - 
Train set: 2150 records (2016-03-07 00:00:00-05:00 to 2024-09-19 00:00:00-04:00)
2026-03-08 16:25:56,379 - INFO - Validation set: 365 records (2024-09-20 00:00:00-04:00 to 2026-03-06 00:00:00-05:00)
2026-03-08 16:25:56,382 - INFO - 
Sequence shapes:
2026-03-08 16:25:56,386 - INFO -   X_train: (2090, 60, 1), y_train: (2090, 1)
2026-03-08 16:25:56,386 - INFO -   X_val: (305, 60, 1), y_val: (305, 1)
2026-03-08 16:25:56,386 - INFO - 
Building LSTM model...
2026-03-08 16:25:56,441 - INFO - None
2026-03-08 16:25:56,441 - INFO - 
Training model (70 epochs)...
2026-03-08 16:28:23,629 - INFO - 
Making predictions...
2026-03-08 16:28:24,929 - INFO - 
======================================================================
2026-03-08 16:28:24,929 - INFO - TRAINING RESULTS - OXY_historical_10y_20260308.csv
2026-03-08 16:28:24,929 - INFO - ======================================================================
2026-03-08 16:28:24,940 - INFO - Training RMSE: $1.49
2026-03-08 16:28:24,940 - INFO - Training MAE: $1.10
2026-03-08 16:28:24,940 - INFO - Validation RMSE: $1.32
2026-03-08 16:28:24,941 - INFO - Validation MAE: $1.01
2026-03-08 16:28:24,979 - INFO - 
Model saved to: data\models\OXY_historical_10y_20260308_lstm_model.h5
2026-03-08 16:28:24,979 - INFO - 
Generating plots...
2026-03-08 16:28:25,598 - INFO - 
Completed OXY_historical_10y_20260308.csv!
