2026-03-10 22:22:22,186 - INFO - 
Processing: SOL-USD_historical_max_20260310.csv
2026-03-10 22:22:22,197 - INFO - Total records: 2161
2026-03-10 22:22:22,198 - INFO - Date range: 2020-04-10 00:00:00+00:00 to 2026-03-11 00:00:00+00:00
2026-03-10 22:22:22,198 - INFO - Close price range: $0.52 - $261.87
2026-03-10 22:22:22,199 - INFO - 
Train set: 1945 records (2020-04-10 00:00:00+00:00 to 2025-08-06 00:00:00+00:00)
2026-03-10 22:22:22,199 - INFO - Validation set: 216 records (2025-08-07 00:00:00+00:00 to 2026-03-11 00:00:00+00:00)
2026-03-10 22:22:22,203 - INFO - 
Sequence shapes:
2026-03-10 22:22:22,203 - INFO -   X_train: (1885, 60, 1), y_train: (1885, 1)
2026-03-10 22:22:22,203 - INFO -   X_val: (156, 60, 1), y_val: (156, 1)
2026-03-10 22:22:22,203 - INFO - 
Building LSTM model...
2026-03-10 22:22:22,252 - INFO - None
2026-03-10 22:22:22,252 - INFO - 
Training model (50 epochs)...
2026-03-10 22:23:42,724 - INFO - 
Making predictions...
2026-03-10 22:23:43,678 - INFO - 
======================================================================
2026-03-10 22:23:43,678 - INFO - TRAINING RESULTS - SOL-USD_historical_max_20260310.csv
2026-03-10 22:23:43,678 - INFO - ======================================================================
2026-03-10 22:23:43,678 - INFO - Training RMSE: $6.66
2026-03-10 22:23:43,678 - INFO - Training MAE: $4.20
2026-03-10 22:23:43,678 - INFO - Validation RMSE: $6.96
2026-03-10 22:23:43,678 - INFO - Validation MAE: $5.17
2026-03-10 22:23:43,713 - INFO - 
Model saved to: data\models\SOL-USD_historical_max_20260310_lstm_model.h5
2026-03-10 22:23:43,713 - INFO - 
Generating plots...
2026-03-10 22:23:44,094 - INFO - 
Completed SOL-USD_historical_max_20260310.csv!
